1482518590245	geckodriver	INFO	Listening on 127.0.0.1:34427
1482518591245	mozprofile::profile	INFO	Using profile path /tmp/rust_mozprofile.nUuZWRLG5jwm
1482518591247	geckodriver::marionette	INFO	Starting browser /usr/bin/firefox
1482518591250	geckodriver::marionette	INFO	Connecting to Marionette on localhost:44709
1482518592331	Marionette	INFO	Listening on port 44709
1482522795511	geckodriver	INFO	Listening on 127.0.0.1:35563
1482522796509	mozprofile::profile	INFO	Using profile path /tmp/rust_mozprofile.NXnXL6mHgFcu
1482522796510	geckodriver::marionette	INFO	Starting browser /usr/bin/firefox
1482522796513	geckodriver::marionette	INFO	Connecting to Marionette on localhost:44013
1482522797509	Marionette	INFO	Listening on port 44013
1482523086996	geckodriver	INFO	Listening on 127.0.0.1:53335
1482523087997	mozprofile::profile	INFO	Using profile path /tmp/rust_mozprofile.tNI5eU95sFJg
1482523087998	geckodriver::marionette	INFO	Starting browser /usr/bin/firefox
1482523088001	geckodriver::marionette	INFO	Connecting to Marionette on localhost:37174
1482523089091	Marionette	INFO	Listening on port 37174
1482523181108	geckodriver	INFO	Listening on 127.0.0.1:57696
1482523182106	mozprofile::profile	INFO	Using profile path /tmp/rust_mozprofile.Bacu3t4kiG9a
1482523182107	geckodriver::marionette	INFO	Starting browser /usr/bin/firefox
1482523182111	geckodriver::marionette	INFO	Connecting to Marionette on localhost:35615
1482523183172	Marionette	INFO	Listening on port 35615
1482523246619	geckodriver	INFO	Listening on 127.0.0.1:36252
1482523247619	mozprofile::profile	INFO	Using profile path /tmp/rust_mozprofile.HmtQQ6iinjgR
1482523247620	geckodriver::marionette	INFO	Starting browser /usr/bin/firefox
1482523247624	geckodriver::marionette	INFO	Connecting to Marionette on localhost:45078
1482523248670	Marionette	INFO	Listening on port 45078
1482523340328	geckodriver	INFO	Listening on 127.0.0.1:50100
1482523341326	mozprofile::profile	INFO	Using profile path /tmp/rust_mozprofile.R1A3WZt5OmrY
1482523341327	geckodriver::marionette	INFO	Starting browser /usr/bin/firefox
1482523341331	geckodriver::marionette	INFO	Connecting to Marionette on localhost:33122
1482523342501	Marionette	INFO	Listening on port 33122
1482523410947	geckodriver	INFO	Listening on 127.0.0.1:47413
1482523411945	mozprofile::profile	INFO	Using profile path /tmp/rust_mozprofile.rZfKrjUecQnm
1482523411946	geckodriver::marionette	INFO	Starting browser /usr/bin/firefox
1482523411950	geckodriver::marionette	INFO	Connecting to Marionette on localhost:43932
1482523413094	Marionette	INFO	Listening on port 43932
1482523527904	geckodriver	INFO	Listening on 127.0.0.1:42158
1482523528904	mozprofile::profile	INFO	Using profile path /tmp/rust_mozprofile.WPF4b4qT6GXA
1482523528905	geckodriver::marionette	INFO	Starting browser /usr/bin/firefox
1482523528909	geckodriver::marionette	INFO	Connecting to Marionette on localhost:46566
1482523529974	Marionette	INFO	Listening on port 46566
1482523581444	geckodriver	INFO	Listening on 127.0.0.1:52839
1482523582443	mozprofile::profile	INFO	Using profile path /tmp/rust_mozprofile.MdASsi8KaREV
1482523582444	geckodriver::marionette	INFO	Starting browser /usr/bin/firefox
1482523582448	geckodriver::marionette	INFO	Connecting to Marionette on localhost:39790
1482523583526	Marionette	INFO	Listening on port 39790
1482523949426	geckodriver	INFO	Listening on 127.0.0.1:40302
1482523950425	mozprofile::profile	INFO	Using profile path /tmp/rust_mozprofile.8w99AJ6DXaZN
1482523950426	geckodriver::marionette	INFO	Starting browser /usr/bin/firefox
1482523950430	geckodriver::marionette	INFO	Connecting to Marionette on localhost:46569
1482523951478	Marionette	INFO	Listening on port 46569
1482524209797	geckodriver	INFO	Listening on 127.0.0.1:44279
1482524210796	mozprofile::profile	INFO	Using profile path /tmp/rust_mozprofile.YPQnpmEfXeF7
1482524210798	geckodriver::marionette	INFO	Starting browser /usr/bin/firefox
1482524210801	geckodriver::marionette	INFO	Connecting to Marionette on localhost:38393
1482524211959	Marionette	INFO	Listening on port 38393
1482524382351	geckodriver	INFO	Listening on 127.0.0.1:57541
1482524383349	mozprofile::profile	INFO	Using profile path /tmp/rust_mozprofile.0Qb2c4n5vZ6I
1482524383350	geckodriver::marionette	INFO	Starting browser /usr/bin/firefox
1482524383353	geckodriver::marionette	INFO	Connecting to Marionette on localhost:37140
1482524384342	Marionette	INFO	Listening on port 37140
1482524477050	geckodriver	INFO	Listening on 127.0.0.1:39786
1482524478050	mozprofile::profile	INFO	Using profile path /tmp/rust_mozprofile.f93yM2fGvQB4
1482524478051	geckodriver::marionette	INFO	Starting browser /usr/bin/firefox
1482524478055	geckodriver::marionette	INFO	Connecting to Marionette on localhost:39206
1482524479131	Marionette	INFO	Listening on port 39206
1482524561660	geckodriver	INFO	Listening on 127.0.0.1:37365
1482524562657	mozprofile::profile	INFO	Using profile path /tmp/rust_mozprofile.ILf6Qtk6cQzp
1482524562658	geckodriver::marionette	INFO	Starting browser /usr/bin/firefox
1482524562662	geckodriver::marionette	INFO	Connecting to Marionette on localhost:32944
1482524563744	Marionette	INFO	Listening on port 32944
1482524623957	geckodriver	INFO	Listening on 127.0.0.1:39330
1482524624957	mozprofile::profile	INFO	Using profile path /tmp/rust_mozprofile.bEqC6kMFimlU
1482524624958	geckodriver::marionette	INFO	Starting browser /usr/bin/firefox
1482524624962	geckodriver::marionette	INFO	Connecting to Marionette on localhost:38983
1482524626053	Marionette	INFO	Listening on port 38983
1482524872879	geckodriver	INFO	Listening on 127.0.0.1:53587
1482524873879	mozprofile::profile	INFO	Using profile path /tmp/rust_mozprofile.GnK5mwEweuvn
1482524873880	geckodriver::marionette	INFO	Starting browser /usr/bin/firefox
1482524873884	geckodriver::marionette	INFO	Connecting to Marionette on localhost:33341
1482524874985	Marionette	INFO	Listening on port 33341
1482524957050	geckodriver	INFO	Listening on 127.0.0.1:35343
1482524958052	mozprofile::profile	INFO	Using profile path /tmp/rust_mozprofile.EWkFE2s90MQb
1482524958053	geckodriver::marionette	INFO	Starting browser /usr/bin/firefox
1482524958056	geckodriver::marionette	INFO	Connecting to Marionette on localhost:35505
1482524959138	Marionette	INFO	Listening on port 35505
1482525019396	geckodriver	INFO	Listening on 127.0.0.1:38400
1482525020394	mozprofile::profile	INFO	Using profile path /tmp/rust_mozprofile.8hcPPyIH2FWv
1482525020395	geckodriver::marionette	INFO	Starting browser /usr/bin/firefox
1482525020399	geckodriver::marionette	INFO	Connecting to Marionette on localhost:37284
1482525021646	Marionette	INFO	Listening on port 37284
1482525374545	geckodriver	INFO	Listening on 127.0.0.1:45194
1482525375543	mozprofile::profile	INFO	Using profile path /tmp/rust_mozprofile.HP3wqNeIQbFF
1482525375544	geckodriver::marionette	INFO	Starting browser /usr/bin/firefox
1482525375547	geckodriver::marionette	INFO	Connecting to Marionette on localhost:39489
1482525376630	Marionette	INFO	Listening on port 39489
1482525468675	geckodriver	INFO	Listening on 127.0.0.1:37006
1482525469675	mozprofile::profile	INFO	Using profile path /tmp/rust_mozprofile.BxlZbOEYjSNt
1482525469676	geckodriver::marionette	INFO	Starting browser /usr/bin/firefox
1482525469679	geckodriver::marionette	INFO	Connecting to Marionette on localhost:40264
1482525470734	Marionette	INFO	Listening on port 40264
1482525842165	geckodriver	INFO	Listening on 127.0.0.1:53987
1482525843163	mozprofile::profile	INFO	Using profile path /tmp/rust_mozprofile.nXpJAomPfxdR
1482525843164	geckodriver::marionette	INFO	Starting browser /usr/bin/firefox
1482525843167	geckodriver::marionette	INFO	Connecting to Marionette on localhost:34420
1482525844268	Marionette	INFO	Listening on port 34420
1482526115198	geckodriver	INFO	Listening on 127.0.0.1:59314
1482526116196	mozprofile::profile	INFO	Using profile path /tmp/rust_mozprofile.CfC1ylJDsNqH
1482526116197	geckodriver::marionette	INFO	Starting browser /usr/bin/firefox
1482526116201	geckodriver::marionette	INFO	Connecting to Marionette on localhost:46064
1482526117279	Marionette	INFO	Listening on port 46064
1482527103520	geckodriver	INFO	Listening on 127.0.0.1:51073
1482527104519	mozprofile::profile	INFO	Using profile path /tmp/rust_mozprofile.Sfs2i0zpL3lG
1482527104520	geckodriver::marionette	INFO	Starting browser /usr/bin/firefox
1482527104524	geckodriver::marionette	INFO	Connecting to Marionette on localhost:37657
1482527105582	Marionette	INFO	Listening on port 37657
1482527393944	geckodriver	INFO	Listening on 127.0.0.1:49184
1482527394938	mozprofile::profile	INFO	Using profile path /tmp/rust_mozprofile.6OFDin5lF8ah
1482527394939	geckodriver::marionette	INFO	Starting browser /usr/bin/firefox
1482527394943	geckodriver::marionette	INFO	Connecting to Marionette on localhost:44143
1482527396110	Marionette	INFO	Listening on port 44143
1482527456816	geckodriver	INFO	Listening on 127.0.0.1:33120
1482527457813	mozprofile::profile	INFO	Using profile path /tmp/rust_mozprofile.YFVoFSnEQ0Fg
1482527457814	geckodriver::marionette	INFO	Starting browser /usr/bin/firefox
1482527457821	geckodriver::marionette	INFO	Connecting to Marionette on localhost:39094
1482527458834	Marionette	INFO	Listening on port 39094
1482527534984	geckodriver	INFO	Listening on 127.0.0.1:58480
1482527535984	mozprofile::profile	INFO	Using profile path /tmp/rust_mozprofile.IwwpNSvemVGI
1482527535985	geckodriver::marionette	INFO	Starting browser /usr/bin/firefox
1482527535990	geckodriver::marionette	INFO	Connecting to Marionette on localhost:34370
1482527537047	Marionette	INFO	Listening on port 34370
1482527789805	geckodriver	INFO	Listening on 127.0.0.1:35530
1482527789812	mozprofile::profile	INFO	Using profile path /tmp/rust_mozprofile.z6hsTZJIE1Gn
1482527789813	geckodriver::marionette	INFO	Starting browser /usr/bin/firefox
1482527789817	geckodriver::marionette	INFO	Connecting to Marionette on localhost:38473
1482527791234	Marionette	INFO	Listening on port 38473
[Child 9271] ###!!! ABORT: Aborting on channel error.: file /build/firefox-MkV0Xf/firefox-50.1.0+build2/ipc/glue/MessageChannel.cpp, line 2056
[Child 9271] ###!!! ABORT: Aborting on channel error.: file /build/firefox-MkV0Xf/firefox-50.1.0+build2/ipc/glue/MessageChannel.cpp, line 2056
1482527953341	geckodriver	INFO	Listening on 127.0.0.1:57249
1482527954339	mozprofile::profile	INFO	Using profile path /tmp/rust_mozprofile.MR3YCX67y37w
1482527954340	geckodriver::marionette	INFO	Starting browser /usr/bin/firefox
1482527954343	geckodriver::marionette	INFO	Connecting to Marionette on localhost:38467
1482527955427	Marionette	INFO	Listening on port 38467
[Child 9451] ###!!! ABORT: Aborting on channel error.: file /build/firefox-MkV0Xf/firefox-50.1.0+build2/ipc/glue/MessageChannel.cpp, line 2056
[Child 9451] ###!!! ABORT: Aborting on channel error.: file /build/firefox-MkV0Xf/firefox-50.1.0+build2/ipc/glue/MessageChannel.cpp, line 2056
1482529309695	geckodriver	INFO	Listening on 127.0.0.1:42632
1482529310696	mozprofile::profile	INFO	Using profile path /tmp/rust_mozprofile.ojro9cfKHd7r
1482529310697	geckodriver::marionette	INFO	Starting browser /usr/bin/firefox
1482529310701	geckodriver::marionette	INFO	Connecting to Marionette on localhost:43429
1482529312079	Marionette	INFO	Listening on port 43429
1482529367018	geckodriver	INFO	Listening on 127.0.0.1:51491
1482529368018	mozprofile::profile	INFO	Using profile path /tmp/rust_mozprofile.EXkR5G30rkeD
1482529368020	geckodriver::marionette	INFO	Starting browser /usr/bin/firefox
1482529368023	geckodriver::marionette	INFO	Connecting to Marionette on localhost:40627
1482529369075	Marionette	INFO	Listening on port 40627
1482529483839	geckodriver	INFO	Listening on 127.0.0.1:47783
1482529484839	mozprofile::profile	INFO	Using profile path /tmp/rust_mozprofile.vYQ1h7595Yo6
1482529484840	geckodriver::marionette	INFO	Starting browser /usr/bin/firefox
1482529484845	geckodriver::marionette	INFO	Connecting to Marionette on localhost:45873
1482529485917	Marionette	INFO	Listening on port 45873
1482529726970	geckodriver	INFO	Listening on 127.0.0.1:51253
1482529727971	mozprofile::profile	INFO	Using profile path /tmp/rust_mozprofile.G9NrGYASUzWL
1482529727972	geckodriver::marionette	INFO	Starting browser /usr/bin/firefox
1482529727975	geckodriver::marionette	INFO	Connecting to Marionette on localhost:35199
1482529729011	Marionette	INFO	Listening on port 35199
1482529827803	geckodriver	INFO	Listening on 127.0.0.1:36825
1482529828806	mozprofile::profile	INFO	Using profile path /tmp/rust_mozprofile.TNfLATxumyj4
1482529828807	geckodriver::marionette	INFO	Starting browser /usr/bin/firefox
1482529828811	geckodriver::marionette	INFO	Connecting to Marionette on localhost:38184
1482529829890	Marionette	INFO	Listening on port 38184
JavaScript error: chrome://marionette/content/listener.js, line 999: NS_ERROR_FAILURE: Component returned failure code: 0x80004005 (NS_ERROR_FAILURE) [nsIWebProgress.removeProgressListener]
JavaScript error: https://www.regulations.gov/Regs/deferredjs/445557951A442A27CA1EF8E695BCA140/10.cache.js?autoRetry=1, line 1: TypeError: $wnd.Regs is undefined
JavaScript error: https://www.regulations.gov/Regs/deferredjs/445557951A442A27CA1EF8E695BCA140/10.cache.js?autoRetry=2, line 1: TypeError: $wnd.Regs.runAsyncCallback10 is not a function
[Child 10355] ###!!! ABORT: Aborting on channel error.: file /build/firefox-MkV0Xf/firefox-50.1.0+build2/ipc/glue/MessageChannel.cpp, line 2056
[Child 10355] ###!!! ABORT: Aborting on channel error.: file /build/firefox-MkV0Xf/firefox-50.1.0+build2/ipc/glue/MessageChannel.cpp, line 2056
1482539403527	geckodriver	INFO	Listening on 127.0.0.1:55497
1482539404573	mozprofile::profile	INFO	Using profile path /tmp/rust_mozprofile.TgUj4txMwKU8
1482539404580	geckodriver::marionette	INFO	Starting browser /usr/bin/firefox
1482539404607	geckodriver::marionette	INFO	Connecting to Marionette on localhost:34211
1482540799320	geckodriver	INFO	Listening on 127.0.0.1:59177
1482540800372	mozprofile::profile	INFO	Using profile path /tmp/rust_mozprofile.P18l9zOIO1Yc
1482540800373	geckodriver::marionette	INFO	Starting browser /usr/bin/firefox
1482540800395	geckodriver::marionette	INFO	Connecting to Marionette on localhost:44130
1482540804319	Marionette	INFO	Listening on port 44130
1482540921064	geckodriver	INFO	Listening on 127.0.0.1:59687
1482540922064	mozprofile::profile	INFO	Using profile path /tmp/rust_mozprofile.PANFFAGdYRYX
1482540922065	geckodriver::marionette	INFO	Starting browser /usr/bin/firefox
1482540922069	geckodriver::marionette	INFO	Connecting to Marionette on localhost:38793
1482540923276	Marionette	INFO	Listening on port 38793
1482548254860	geckodriver	INFO	Listening on 127.0.0.1:40571
1482548255857	mozprofile::profile	INFO	Using profile path /tmp/rust_mozprofile.cTPDOdScQjwk
1482548255858	geckodriver::marionette	INFO	Starting browser /usr/bin/firefox
1482548255862	geckodriver::marionette	INFO	Connecting to Marionette on localhost:41131
1482548256890	Marionette	INFO	Listening on port 41131
1485911497688	geckodriver	INFO	Listening on 127.0.0.1:38047
1485911498542	mozprofile::profile	INFO	Using profile path /tmp/rust_mozprofile.e0kvOfCmFLfQ
1485911498543	geckodriver::marionette	INFO	Starting browser /usr/bin/firefox
1485911498567	geckodriver::marionette	INFO	Connecting to Marionette on localhost:40745
1485911505695	Marionette	INFO	Listening on port 40745
1485911544789	geckodriver	INFO	Listening on 127.0.0.1:56043
1485911545779	mozprofile::profile	INFO	Using profile path /tmp/rust_mozprofile.CLrTA9ULFork
1485911545781	geckodriver::marionette	INFO	Starting browser /usr/bin/firefox
1485911545789	geckodriver::marionette	INFO	Connecting to Marionette on localhost:44339
1485911547605	Marionette	INFO	Listening on port 44339
1485911588617	geckodriver	INFO	Listening on 127.0.0.1:59452
1485911589620	mozprofile::profile	INFO	Using profile path /tmp/rust_mozprofile.acTFPjmEbg6s
1485911589621	geckodriver::marionette	INFO	Starting browser /usr/bin/firefox
1485911589629	geckodriver::marionette	INFO	Connecting to Marionette on localhost:35124
1485911591099	Marionette	INFO	Listening on port 35124
JavaScript error: resource://gre/modules/commonjs/toolkit/loader.js -> resource://devtools/client/inspector/breadcrumbs.js, line 486: TypeError: this.handleMouseLeave is not a function
